Setting breakpad minidump AppID = 323580
Steam_SetMinidumpSteamID:  Caching Steam ID:  76561198090322227 [API loaded no]
ERROR: ld.so: object '/home/masondanne/.local/share/Steam/ubuntu12_32/gameoverlayrenderer.so' from LD_PRELOAD cannot be preloaded (wrong ELF class: ELFCLASS32): ignored.
ERROR: ld.so: object '/home/masondanne/.local/share/Steam/ubuntu12_32/gameoverlayrenderer.so' from LD_PRELOAD cannot be preloaded (wrong ELF class: ELFCLASS32): ignored.
ERROR: ld.so: object '/home/masondanne/.local/share/Steam/ubuntu12_32/gameoverlayrenderer.so' from LD_PRELOAD cannot be preloaded (wrong ELF class: ELFCLASS32): ignored.
ERROR: ld.so: object '/home/masondanne/.local/share/Steam/ubuntu12_32/gameoverlayrenderer.so' from LD_PRELOAD cannot be preloaded (wrong ELF class: ELFCLASS32): ignored.
ERROR: ld.so: object '/home/masondanne/.local/share/Steam/ubuntu12_32/gameoverlayrenderer.so' from LD_PRELOAD cannot be preloaded (wrong ELF class: ELFCLASS32): ignored.
ERROR: ld.so: object '/home/masondanne/.local/share/Steam/ubuntu12_32/gameoverlayrenderer.so' from LD_PRELOAD cannot be preloaded (wrong ELF class: ELFCLASS32): ignored.
[11981:11981:0715/185204.456962:ERROR:chrome_browser_main_extra_parts_x11.cc(62)] X IO error received (X server probably went away)
logy Center
Version:  4.5 (Core Profile) Mesa 17.1.4
GLES:     0
 GL_3DFX_texture_compression_FXT1 GL_AMD_conservative_depth GL_AMD_draw_buffers_blend GL_AMD_seamless_cubemap_per_texture GL_AMD_shader_stencil_export GL_AMD_shader_trinary_minmax GL_AMD_vertex_shader_layer GL_AMD_vertex_shader_viewport_index GL_ANGLE_texture_compression_dxt3 GL_ANGLE_texture_compression_dxt5 GL_APPLE_object_purgeable GL_ARB_ES2_compatibility GL_ARB_ES3_1_compatibility GL_ARB_ES3_2_compatibility GL_ARB_ES3_compatibility GL_ARB_arrays_of_arrays GL_ARB_base_instance GL_ARB_blend_func_extended GL_ARB_buffer_storage GL_ARB_clear_buffer_object GL_ARB_clear_texture GL_ARB_clip_control GL_ARB_compressed_texture_pixel_storage GL_ARB_compute_shader GL_ARB_conditional_render_inverted GL_ARB_conservative_depth GL_ARB_copy_buffer GL_ARB_copy_image GL_ARB_cull_distance GL_ARB_debug_output GL_ARB_depth_buffer_float GL_ARB_depth_clamp GL_ARB_derivative_control GL_ARB_direct_state_access GL_ARB_draw_buffers GL_ARB_draw_buffers_blend GL_ARB_draw_elements_base_vertex GL_ARB_draw_indirect GL_ARB_draw_instanced
 GL_ARB_enhanced_layouts GL_ARB_explicit_attrib_location GL_ARB_explicit_uniform_location GL_ARB_fragment_coord_conventions GL_ARB_fragment_layer_viewport GL_ARB_fragment_shader GL_ARB_framebuffer_no_attachments GL_ARB_framebuffer_object GL_ARB_framebuffer_sRGB GL_ARB_get_program_binary GL_ARB_get_texture_sub_image GL_ARB_gpu_shader5 GL_ARB_gpu_shader_fp64 GL_ARB_gpu_shader_int64 GL_ARB_half_float_pixel GL_ARB_half_float_vertex GL_ARB_instanced_arrays GL_ARB_internalformat_query GL_ARB_internalformat_query2 GL_ARB_invalidate_subdata GL_ARB_map_buffer_alignment GL_ARB_map_buffer_range GL_ARB_multi_bind GL_ARB_multi_draw_indirect GL_ARB_occlusion_query2 GL_ARB_pipeline_statistics_query GL_ARB_pixel_buffer_object GL_ARB_point_sprite GL_ARB_post_depth_coverage GL_ARB_program_interface_query GL_ARB_provoking_vertex GL_ARB_query_buffer_object GL_ARB_robust_buffer_access_behavior GL_ARB_robustness GL_ARB_sample_shading GL_ARB_sampler_objects GL_ARB_seamless_cube_map GL_ARB_seamless_cubemap_per_texture GL_ARB_separa
te_shader_objects GL_ARB_shader_atomic_counter_ops GL_ARB_shader_atomic_counters GL_ARB_shader_bit_encoding GL_ARB_shader_clock GL_ARB_shader_draw_parameters GL_ARB_shader_image_load_store GL_ARB_shader_image_size GL_ARB_shader_objects GL_ARB_shader_precision GL_ARB_shader_stencil_export GL_ARB_shader_storage_buffer_object GL_ARB_shader_subroutine GL_ARB_shader_texture_image_samples GL_ARB_shader_texture_lod GL_ARB_shader_viewport_layer_array GL_ARB_shading_language_420pack GL_ARB_shading_language_packing GL_ARB_stencil_texturing GL_ARB_sync GL_ARB_tessellation_shader GL_ARB_texture_barrier GL_ARB_texture_buffer_object GL_ARB_texture_buffer_object_rgb32 GL_ARB_texture_buffer_range GL_ARB_texture_compression_bptc GL_ARB_texture_compression_rgtc GL_ARB_texture_cube_map_array GL_ARB_texture_float GL_ARB_texture_gather GL_ARB_texture_mirror_clamp_to_edge GL_ARB_texture_multisample GL_ARB_texture_non_power_of_two GL_ARB_texture_query_levels GL_ARB_texture_query_lod GL_ARB_texture_rectangle GL_ARB_texture_rg GL_AR
B_texture_rgb10_a2ui GL_ARB_texture_stencil8 GL_ARB_texture_storage GL_ARB_texture_storage_multisample GL_ARB_texture_swizzle GL_ARB_texture_view GL_ARB_timer_query GL_ARB_transform_feedback2 GL_ARB_transform_feedback3 GL_ARB_transform_feedback_instanced GL_ARB_transform_feedback_overflow_query GL_ARB_uniform_buffer_object GL_ARB_vertex_array_bgra GL_ARB_vertex_array_object GL_ARB_vertex_attrib_64bit GL_ARB_vertex_attrib_binding GL_ARB_vertex_shader GL_ARB_vertex_type_10f_11f_11f_rev GL_ARB_vertex_type_2_10_10_10_rev GL_ARB_viewport_array GL_ATI_blend_equation_separate GL_ATI_texture_float GL_EXT_abgr GL_EXT_blend_equation_separate GL_EXT_draw_buffers2 GL_EXT_draw_instanced GL_EXT_framebuffer_blit GL_EXT_framebuffer_multisample GL_EXT_framebuffer_multisample_blit_scaled GL_EXT_framebuffer_sRGB GL_EXT_packed_depth_stencil GL_EXT_packed_float GL_EXT_pixel_buffer_object GL_EXT_polygon_offset_clamp GL_EXT_provoking_vertex GL_EXT_shader_integer_mix GL_EXT_shader_samples_identical GL_EXT_texture_array GL_EXT_textu
re_compression_dxt1 GL_EXT_texture_compression_rgtc GL_EXT_texture_compression_s3tc GL_EXT_texture_filter_anisotropic GL_EXT_texture_integer GL_EXT_texture_sRGB GL_EXT_texture_sRGB_decode GL_EXT_texture_shared_exponent GL_EXT_texture_snorm GL_EXT_texture_swizzle GL_EXT_timer_query GL_EXT_transform_feedback GL_EXT_vertex_array_bgra GL_IBM_multimode_draw_arrays GL_INTEL_conservative_rasterization GL_INTEL_performance_query GL_KHR_blend_equation_advanced GL_KHR_blend_equation_advanced_coherent GL_KHR_context_flush_control GL_KHR_debug GL_KHR_robust_buffer_access_behavior GL_KHR_robustness GL_KHR_texture_compression_astc_ldr GL_KHR_texture_compression_astc_sliced_3d GL_MESA_pack_invert GL_MESA_shader_integer_functions GL_MESA_texture_signed_rgba GL_NV_conditional_render GL_NV_depth_clamp GL_NV_packed_depth_stencil GL_NV_texture_barrier GL_OES_EGL_image GL_S3_s3tc
OPENGL LOG: Creating OpenGL 4.5 graphics device
AudioManager: Using PulseAudio: Default Output Device
Begin MonoManager ReloadAssembly
Platform assembly: /home/masondanne/.local/share/Steam/steamapps/common/Jotun/Jotun_Data/Managed/UnityEngine.dll (this message is harmless)
Loading /home/masondanne/.local/share/Steam/steamapps/common/Jotun/Jotun_Data/Managed/UnityEngine.dll into Unity Child Domain
Platform assembly: /home/masondanne/.local/share/Steam/steamapps/common/Jotun/Jotun_Data/Managed/Assembly-CSharp-firstpass.dll (this message is harmless)
Loading /home/masondanne/.local/share/Steam/steamapps/common/Jotun/Jotun_Data/Managed/Assembly-CSharp-firstpass.dll into Unity Child Domain
Platform assembly: /home/masondanne/.local/share/Steam/steamapps/common/Jotun/Jotun_Data/Managed/Assembly-CSharp.dll (this message is harmless)
Loading /home/masondanne/.local/share/Steam/steamapps/common/Jotun/Jotun_Data/Managed/Assembly-CSharp.dll into Unity Child Domain
Platform assembly: /home/masondanne/.local/share/Steam/steamapps/common/Jotun/Jotun_Data/Managed/UnityEngine.UI.dll (this message is harmless)
Loading /home/masondanne/.local/share/Steam/steamapps/common/Jotun/Jotun_Data/Managed/UnityEngine.UI.dll into Unity Child Domain
Platform assembly: /home/masondanne/.local/share/Steam/steamapps/common/Jotun/Jotun_Data/Managed/UnityEngine.Networking.dll (this message is harmless)
Loading /home/masondanne/.local/share/Steam/steamapps/common/Jotun/Jotun_Data/Managed/UnityEngine.Networking.dll into Unity Child Domain
Platform assembly: /home/masondanne/.local/share/Steam/steamapps/common/Jotun/Jotun_Data/Managed/Rewired_Core.dll (this message is harmless)
Loading /home/masondanne/.local/share/Steam/steamapps/common/Jotun/Jotun_Data/Managed/Rewired_Core.dll into Unity Child Domain
- Completed reload, in  0.074 seconds
Platform assembly: /home/masondanne/.local/share/Steam/steamapps/common/Jotun/Jotun_Data/Managed/System.Core.dll (this message is harmless)
Platform assembly: /home/masondanne/.local/share/Steam/steamapps/common/Jotun/Jotun_Data/Managed/System.dll (this message is harmless)
Default vsync count 1
requesting resize -1 x -1
Using native desktop resolution 1920 x 1080
requesting fullscreen 1920 x 1080 at 0 Hz
Desktop is 1920 x 1080 @ 60 Hz
Using libudev for joystick management


Importing game controller configs
UnloadTime: 1.016000 ms
Changing real window size to 1920 x 1026
Changing real window size to 1920 x 1026
Changing real window size to 1920 x 1026
Changing real window size to 1920 x 1080
Unloading 5 Unused Serialized files (Serialized files now loaded: 0)
UnloadTime: 1.270000 ms
Platform assembly: /home/masondanne/.local/share/Steam/steamapps/common/Jotun/Jotun_Data/Managed/System.Xml.dll (this message is harmless)
DontDestroyOnLoad only work for root GameObjects or components on root GameObjects.
 
(Filename:  Line: 374)

DontDestroyOnLoad only work for root GameObjects or components on root GameObjects.
 
(Filename:  Line: 374)

Shader warmup: 30 shaders 130 combinations 3.096s
DontDestroyOnLoad only work for root GameObjects or components on root GameObjects.
 
(Filename:  Line: 374)

DontDestroyOnLoad only work for root GameObjects or components on root GameObjects.
 
(Filename:  Line: 374)


Unloading 5 unused Assets to reduce memory usage. Loaded Objects now: 7266.
Total: 18.098000 ms (FindLiveObjects: 0.579000 ms CreateObjectMapping: 0.239000 ms MarkObjects: 17.260000 ms  DeleteObjects: 0.019000 ms)

DontDestroyOnLoad only work for root GameObjects or components on root GameObjects.
 
(Filename:  Line: 374)

Controller: Keyboard Keyboard
 
(Filename: /home/builduser/buildslave/unity/build/artifacts/generated/common/runtime/UnityEngineDebugBindings.gen.cpp Line: 37)

Controller: Mouse Mouse
 
(Filename: /home/builduser/buildslave/unity/build/artifacts/generated/common/runtime/UnityEngineDebugBindings.gen.cpp Line: 37)

Controller: WiiU GamePad Controller WiiU
 
(Filename: /home/builduser/buildslave/unity/build/artifacts/generated/common/runtime/UnityEngineDebugBindings.gen.cpp Line: 37)

Unloading 2 Unused Serialized files (Serialized files now loaded: 0)

Unloading 2 unused Assets to reduce memory usage. Loaded Objects now: 7329.
Total: 21.121000 ms (FindLiveObjects: 0.464000 ms CreateObjectMapping: 0.142000 ms MarkObjects: 20.494999 ms  DeleteObjects: 0.020000 ms)

Unloading 1 Unused Serialized files (Serialized files now loaded: 0)
UnloadTime: 7.072000 ms

Unloading 1 unused Assets to reduce memory usage. Loaded Objects now: 7251.
Total: 16.997000 ms (FindLiveObjects: 0.417000 ms CreateObjectMapping: 0.159000 ms MarkObjects: 16.408001 ms  DeleteObjects: 0.013000 ms)

Unloading 12 Unused Serialized files (Serialized files now loaded: 0)
UnloadTime: 0.281000 ms

Unloading 9 unused Assets to reduce memory usage. Loaded Objects now: 48321.
Total: 64.002998 ms (FindLiveObjects: 4.319000 ms CreateObjectMapping: 1.171000 ms MarkObjects: 58.407001 ms  DeleteObjects: 0.105000 ms)

GameObject is already being activated or deactivated.
 
(Filename:  Line: 172)

Localization: Menu.Keyboard.D is not a valid key
 
(Filename: /home/builduser/buildslave/unity/build/artifacts/generated/common/runtime/UnityEngineDebugBindings.gen.cpp Line: 37)

Localization: Menu.Keyboard.W is not a valid key
 
(Filename: /home/builduser/buildslave/unity/build/artifacts/generated/common/runtime/UnityEngineDebugBindings.gen.cpp Line: 37)

Localization: Menu.Keyboard.F is not a valid key
 
(Filename: /home/builduser/buildslave/unity/build/artifacts/generated/common/runtime/UnityEngineDebugBindings.gen.cpp Line: 37)

Localization: Menu.Keyboard.E is not a valid key
 
(Filename: /home/builduser/buildslave/unity/build/artifacts/generated/common/runtime/UnityEngineDebugBindings.gen.cpp Line: 37)

Localization: Menu.Keyboard.A is not a valid key
 
(Filename: /home/builduser/buildslave/unity/build/artifacts/generated/common/runtime/UnityEngineDebugBindings.gen.cpp Line: 37)

Localization: Menu.Keyboard.Q is not a valid key
 
(Filename: /home/builduser/buildslave/unity/build/artifacts/generated/common/runtime/UnityEngineDebugBindings.gen.cpp Line: 37)

Localization: Menu.Keyboard.S is not a valid key
 
(Filename: /home/builduser/buildslave/unity/build/artifacts/generated/common/runtime/UnityEngineDebugBindings.gen.cpp Line: 37)

Localization: Menu.Keyboard.D is not a valid key
 
(Filename: /home/builduser/buildslave/unity/build/artifacts/generated/common/runtime/UnityEngineDebugBindings.gen.cpp Line: 37)

Localization: Menu.Keyboard.W is not a valid key
 
(Filename: /home/builduser/buildslave/unity/build/artifacts/generated/common/runtime/UnityEngineDebugBindings.gen.cpp Line: 37)

Localization: Menu.Keyboard.F is not a valid key
 
(Filename: /home/builduser/buildslave/unity/build/artifacts/generated/common/runtime/UnityEngineDebugBindings.gen.cpp Line: 37)

Localization: Menu.Keyboard.E is not a valid key
 
(Filename: /home/builduser/buildslave/unity/build/artifacts/generated/common/runtime/UnityEngineDebugBindings.gen.cpp Line: 37)

Localization: Menu.Keyboard.A is not a valid key
 
(Filename: /home/builduser/buildslave/unity/build/artifacts/generated/common/runtime/UnityEngineDebugBindings.gen.cpp Line: 37)

Localization: Menu.Keyboard.Q is not a valid key
 
(Filename: /home/builduser/buildslave/unity/build/artifacts/generated/common/runtime/UnityEngineDebugBindings.gen.cpp Line: 37)

Localization: Menu.Keyboard.S is not a valid key
 
(Filename: /home/builduser/buildslave/unity/build/artifacts/generated/common/runtime/UnityEngineDebugBindings.gen.cpp Line: 37)

Unloading 0 Unused Serialized files (Serialized files now loaded: 0)

Unloading 7 unused Assets to reduce memory usage. Loaded Objects now: 51841.
Total: 75.227997 ms (FindLiveObjects: 11.816000 ms CreateObjectMapping: 2.650000 ms MarkObjects: 58.236000 ms  DeleteObjects: 2.526000 ms)

Unloading 1 Unused Serialized files (Serialized files now loaded: 0)
UnloadTime: 84.475006 ms

Unloading 975 unused Assets to reduce memory usage. Loaded Objects now: 7366.
Total: 20.775999 ms (FindLiveObjects: 0.525000 ms CreateObjectMapping: 0.126000 ms MarkObjects: 17.986000 ms  DeleteObjects: 2.138000 ms)

Unloading 12 Unused Serialized files (Serialized files now loaded: 0)
UnloadTime: 0.376000 ms

Unloading 9 unused Assets to reduce memory usage. Loaded Objects now: 48409.
Total: 53.052998 ms (FindLiveObjects: 3.483000 ms CreateObjectMapping: 0.537000 ms MarkObjects: 48.944000 ms  DeleteObjects: 0.089000 ms)

GameObject is already being activated or deactivated.
 
(Filename:  Line: 172)

Unloading 0 Unused Serialized files (Serialized files now loaded: 0)

Unloading 0 unused Assets to reduce memory usage. Loaded Objects now: 48727.
Total: 69.393997 ms (FindLiveObjects: 7.736000 ms CreateObjectMapping: 0.679000 ms MarkObjects: 60.935001 ms  DeleteObjects: 0.044000 ms)

Unloading 1 Unused Serialized files (Serialized files now loaded: 0)
UnloadTime: 80.663002 ms

Unloading 979 unused Assets to reduce memory usage. Loaded Objects now: 7375.
Total: 20.657999 ms (FindLiveObjects: 0.490000 ms CreateObjectMapping: 0.154000 ms MarkObjects: 17.114000 ms  DeleteObjects: 2.900000 ms)

Unloading 12 Unused Serialized files (Serialized files now loaded: 0)
UnloadTime: 0.320000 ms

Unloading 9 unused Assets to reduce memory usage. Loaded Objects now: 48418.
Total: 51.970001 ms (FindLiveObjects: 4.414000 ms CreateObjectMapping: 1.056000 ms MarkObjects: 46.413998 ms  DeleteObjects: 0.086000 ms)

GameObject is already being activated or deactivated.
 
(Filename:  Line: 172)

Unloading 0 Unused Serialized files (Serialized files now loaded: 0)

Unloading 0 unused Assets to reduce memory usage. Loaded Objects now: 48570.
Total: 69.569000 ms (FindLiveObjects: 7.485000 ms CreateObjectMapping: 0.801000 ms MarkObjects: 61.237999 ms  DeleteObjects: 0.044000 ms)

Unloading 1 Unused Serialized files (Serialized files now loaded: 0)
UnloadTime: 80.115997 ms

Unloading 978 unused Assets to reduce memory usage. Loaded Objects now: 7380.
Total: 19.650999 ms (FindLiveObjects: 0.477000 ms CreateObjectMapping: 0.161000 ms MarkObjects: 15.802000 ms  DeleteObjects: 3.210000 ms)

Unloading 3 Unused Serialized files (Serialized files now loaded: 0)
UnloadTime: 0.296000 ms
Localization:  is not a valid key
 
(Filename: /home/builduser/buildslave/unity/build/artifacts/generated/common/runtime/UnityEngineDebugBindings.gen.cpp Line: 37)


Unloading 2 unused Assets to reduce memory usage. Loaded Objects now: 7465.
Total: 20.756001 ms (FindLiveObjects: 0.668000 ms CreateObjectMapping: 0.178000 ms MarkObjects: 19.876999 ms  DeleteObjects: 0.033000 ms)

Attempted to quit game
 
(Filename: /home/builduser/buildslave/unity/build/artifacts/generated/common/runtime/UnityEngineDebugBindings.gen.cpp Line: 37)

Setting up 1 worker threads for Enlighten.
  Thread -> id: b63ffb40 -> priority: 1 
