[error  ] UserConfig: Could not read user config file '/home/masondanne/.config/supertuxkart/0.8.2/config.xml'.
[info   ] [FileManager]: Data files will be fetched from: '/usr/share/supertuxkart/data/'
[info   ] [FileManager]: User directory is '/home/masondanne/.config/supertuxkart/0.8.2/'.
[info   ] [FileManager]: Addons files will be stored in '/home/masondanne/.local/share/supertuxkart/addons/'.
[info   ] [FileManager]: Screenshots will be stored in '/home/masondanne/.cache/supertuxkart/screenshots/'.
[info   ] [FileManager]: User-defined grand prix will be stored in '/home/masondanne/.local/share/supertuxkart/grandprix/'.
[info   ] [FileManager]: Asset 0 will be loaded from '/usr/share/supertuxkart/data/challenges/'.
[info   ] [FileManager]: Asset 1 will be loaded from '/usr/share/supertuxkart/data/gfx/'.
[info   ] [FileManager]: Asset 2 will be loaded from '/usr/share/supertuxkart/data/grandprix/'.
[info   ] [FileManager]: Asset 3 will be loaded from '/usr/share/supertuxkart/data/gui/'.
[info   ] [FileManager]: Asset 4 will be loaded from '/usr/share/supertuxkart/data/library/'.
[info   ] [FileManager]: Asset 5 will be loaded from '/usr/share/supertuxkart/data/models/'.
[info   ] [FileManager]: Asset 6 will be loaded from '/usr/share/supertuxkart/data/music/'.
[info   ] [FileManager]: Asset 7 will be loaded from '/usr/share/supertuxkart/data/replay/'.
[info   ] [FileManager]: Asset 8 will be loaded from '/usr/share/supertuxkart/data/tracks/'.
[info   ] [FileManager]: Asset 9 will be loaded from '/usr/share/supertuxkart/data/sfx/'.
[info   ] [FileManager]: Asset 10 will be loaded from '/usr/share/supertuxkart/data/shaders/'.
[info   ] [FileManager]: Asset 11 will be loaded from '/usr/share/supertuxkart/data/skins/'.
[info   ] [FileManager]: Asset 12 will be loaded from '/usr/share/supertuxkart/data/textures/'.
[info   ] [FileManager]: Asset 13 will be loaded from '/usr/share/supertuxkart/data/ttf/'.
[info   ] [FileManager]: Asset 14 will be loaded from '/usr/share/supertuxkart/data/po/'.
[verbose  ] translation: Env var LANGUAGE = 'en_US.utf8'.
[verbose  ] translation: Language 'English (United States)'.
[warn   ] [IrrDriver Temp Logger]: Level 3: Vertex shader compilation failed at position -1:


[warn   ] [IrrDriver Temp Logger]: Level 3: Pixel shader compilation failed at position -1:


[warn   ] [IrrDriver Temp Logger]: Level 3: Vertex shader compilation failed at position -1:


[warn   ] [IrrDriver Temp Logger]: Level 3: Pixel shader compilation failed at position -1:


[warn   ] [IrrDriver Temp Logger]: Level 3: Vertex shader compilation failed at position -1:


[warn   ] [IrrDriver Temp Logger]: Level 3: Pixel shader compilation failed at position -1:


[info   ] IrrDriver: OpenGL version: 4.5
[info   ] IrrDriver: OpenGL vendor: Intel Open Source Technology Center
[info   ] IrrDriver: OpenGL renderer: Mesa DRI Intel(R) HD Graphics 520 (Skylake GT2) 
[info   ] IrrDriver: OpenGL version string: 4.5 (Core Profile) Mesa 17.1.8
[info   ] GLDriver: AMD Vertex Shader Layer Present
[info   ] GLDriver: ARB Buffer Storage Present
[info   ] GLDriver: ARB Base Instance Present
[info   ] GLDriver: ARB Draw Indirect Present
[info   ] GLDriver: ARB Compute Shader Present
[info   ] GLDriver: ARB Arrays of Arrays Present
[info   ] GLDriver: ARB Texture Storage Present
[info   ] GLDriver: ARB Texture View Present
[info   ] GLDriver: ARB Image Load Store Present
[info   ] GLDriver: ARB Shader Atomic Counters Present
[info   ] GLDriver: ARB Shader Storage Buffer Object Present
[info   ] GLDriver: ARB Multi Draw Indirect Present
[info   ] GLDriver: EXT Texture Compression S3TC Present
[info   ] GLDriver: ARB Uniform Buffer Object Present
[info   ] GLDriver: ARB Explicit Attrib Location Present
[info   ] GLDriver: Geometry Shaders Present
[info   ] irr_driver: GLSL supported.
[info   ] Freetype Environment: Loading fonts...
[info   ] Freetype Environment: DPI for Normal Font is 21.
[info   ] Freetype Environment: DPI for Title Font is 36.
[info   ] Freetype Environment: DPI for Digit Font is 32.
[info   ] ScalableFont::loadTTF: Created 15 glyphs supporting 16 characters for high-res digits font Sigmar using 1 glyph page(s).
[info   ] ScalableFont::loadTTF: Created 94 glyphs supporting 152 characters for bold title font Ubuntu using 1 glyph page(s).
[info   ] ScalableFont::loadTTF: Created 98 glyphs supporting 101 characters for normal font Ubuntu using 1 glyph page(s).
[info   ] shader: Compiling shader : texturedquad.vert
[info   ] shader: Compiling shader : texturedquad.frag
[info   ] shader: Compiling shader : texturedquad.vert
[info   ] shader: Compiling shader : uniformcolortexturedquad.frag
[info   ] shader: Compiling shader : colortexturedquad.vert
[info   ] shader: Compiling shader : colortexturedquad.frag
[info   ] player_manager: A new players.xml file will be created.
[info   ] Highscore Manager: New highscore file '/home/masondanne/.config/supertuxkart/0.8.2/highscore.xml' created.

[info   ] GrandPrixManager: Loading Grand Prix files from /usr/share/supertuxkart/data/grandprix/
[info   ] GrandPrixManager: Loading Grand Prix files from /home/masondanne/.local/share/supertuxkart/grandprix/
[warn   ] LayoutManager: Statically sized widgets took all the place!!
[info   ] shader: Compiling shader : coloredquad.vert
[info   ] shader: Compiling shader : coloredquad.frag
[info   ] OptionsScreenAudio: Music is now off
[info   ] Singleton: Destroyed singleton.
[info   ] Singleton: Destroyed singleton.
[info   ] Singleton: Destroyed singleton.
[info   ] Singleton: Destroyed singleton.
[info   ] Singleton: Destroyed singleton.
[info   ] Singleton: Destroyed singleton.
[info   ] Singleton: Destroyed singleton.
[info   ] Singleton: Destroyed singleton.
[info   ] Singleton: Destroyed singleton.
[warn   ] [IrrDriver Temp Logger]: Level 3: Vertex shader compilation failed at position -1:


[warn   ] [IrrDriver Temp Logger]: Level 3: Pixel shader compilation failed at position -1:


[warn   ] [IrrDriver Temp Logger]: Level 3: Vertex shader compilation failed at position -1:


[warn   ] [IrrDriver Temp Logger]: Level 3: Pixel shader compilation failed at position -1:


[warn   ] [IrrDriver Temp Logger]: Level 3: Vertex shader compilation failed at position -1:


[warn   ] [IrrDriver Temp Logger]: Level 3: Pixel shader compilation failed at position -1:


[info   ] IrrDriver: OpenGL version: 4.5
[info   ] IrrDriver: OpenGL vendor: Intel Open Source Technology Center
[info   ] IrrDriver: OpenGL renderer: Mesa DRI Intel(R) HD Graphics 520 (Skylake GT2) 
[info   ] IrrDriver: OpenGL version string: 4.5 (Core Profile) Mesa 17.1.8
[info   ] GLDriver: AMD Vertex Shader Layer Present
[info   ] GLDriver: ARB Buffer Storage Present
[info   ] GLDriver: ARB Base Instance Present
[info   ] GLDriver: ARB Draw Indirect Present
[info   ] GLDriver: ARB Compute Shader Present
[info   ] GLDriver: ARB Arrays of Arrays Present
[info   ] GLDriver: ARB Texture Storage Present
[info   ] GLDriver: ARB Texture View Present
[info   ] GLDriver: ARB Image Load Store Present
[info   ] GLDriver: ARB Shader Atomic Counters Present
[info   ] GLDriver: ARB Shader Storage Buffer Object Present
[info   ] GLDriver: ARB Multi Draw Indirect Present
[info   ] GLDriver: EXT Texture Compression S3TC Present
[info   ] GLDriver: ARB Uniform Buffer Object Present
[info   ] GLDriver: ARB Explicit Attrib Location Present
[info   ] GLDriver: Geometry Shaders Present
[info   ] irr_driver: GLSL supported.
[info   ] Freetype Environment: Loading fonts...
[info   ] Freetype Environment: DPI for Normal Font is 25.
[info   ] Freetype Environment: DPI for Title Font is 51.
[info   ] Freetype Environment: DPI for Digit Font is 37.
[info   ] ScalableFont::loadTTF: Created 15 glyphs supporting 16 characters for high-res digits font Sigmar using 1 glyph page(s).
[info   ] ScalableFont::loadTTF: Created 94 glyphs supporting 152 characters for bold title font Ubuntu using 1 glyph page(s).
[info   ] ScalableFont::loadTTF: Created 98 glyphs supporting 101 characters for normal font Ubuntu using 1 glyph page(s).
[info   ] shader: Compiling shader : texturedquad.vert
[info   ] shader: Compiling shader : texturedquad.frag
[info   ] shader: Compiling shader : texturedquad.vert
[info   ] shader: Compiling shader : uniformcolortexturedquad.frag
[info   ] shader: Compiling shader : colortexturedquad.vert
[info   ] shader: Compiling shader : colortexturedquad.frag
[info   ] shader: Compiling shader : coloredquad.vert
[info   ] shader: Compiling shader : coloredquad.frag
[info   ] [FileManager]: Creating directory(ies) '/home/masondanne/.cache/supertuxkart/cached-textures/hd/tux/'
[info   ] [FileManager]: Checking for: '/
[info   ] [FileManager]: Checking for: '/home/
[info   ] [FileManager]: Checking for: '/home/masondanne/
[info   ] [FileManager]: Checking for: '/home/masondanne/.cache/
[info   ] [FileManager]: Checking for: '/home/masondanne/.cache/supertuxkart/
[info   ] [FileManager]: Checking for: '/home/masondanne/.cache/supertuxkart/cached-textures/
[info   ] [FileManager]: Checking for: '/home/masondanne/.cache/supertuxkart/cached-textures/hd/
[info   ] FileManager: Creating directory '/home/masondanne/.cache/supertuxkart/cached-textures/hd/'.
[info   ] [FileManager]: Checking for: '/home/masondanne/.cache/supertuxkart/cached-textures/hd/tux/
[info   ] FileManager: Creating directory '/home/masondanne/.cache/supertuxkart/cached-textures/hd/tux/'.
[info   ] shader: Compiling shader : object_pass.vert
[info   ] shader: Compiling shader : utils/encode_normal.frag
[info   ] shader: Compiling shader : object_pass1.frag
[info   ] shader: Compiling shader : object_pass.vert
[info   ] shader: Compiling shader : utils/encode_normal.frag
[info   ] shader: Compiling shader : objectref_pass1.frag
[info   ] shader: Compiling shader : grass_pass.vert
[info   ] shader: Compiling shader : utils/encode_normal.frag
[info   ] shader: Compiling shader : objectref_pass1.frag
[info   ] shader: Compiling shader : object_pass.vert
[info   ] shader: Compiling shader : utils/encode_normal.frag
[info   ] shader: Compiling shader : normalmap.frag
[info   ] shader: Compiling shader : utils/getworldmatrix.vert
[info   ] shader: Compiling shader : instanced_object_pass.vert
[info   ] shader: Compiling shader : utils/encode_normal.frag
[info   ] shader: Compiling shader : instanced_object_pass1.frag
[info   ] shader: Compiling shader : utils/getworldmatrix.vert
[info   ] shader: Compiling shader : instanced_object_pass.vert
[info   ] shader: Compiling shader : utils/encode_normal.frag
[info   ] shader: Compiling shader : instanced_objectref_pass1.frag
[info   ] shader: Compiling shader : utils/getworldmatrix.vert
[info   ] shader: Compiling shader : instanced_grass.vert
[info   ] shader: Compiling shader : utils/encode_normal.frag
[info   ] shader: Compiling shader : instanced_objectref_pass1.frag
[info   ] shader: Compiling shader : utils/getworldmatrix.vert
[info   ] shader: Compiling shader : instanced_object_pass.vert
[info   ] shader: Compiling shader : utils/encode_normal.frag
[info   ] shader: Compiling shader : instanced_normalmap.frag
[info   ] shader: Compiling shader : screenquad.vert
[info   ] shader: Compiling shader : utils/decodeNormal.frag
[info   ] shader: Compiling shader : utils/getPosFromUVDepth.frag
[info   ] shader: Compiling shader : utils/DiffuseIBL.frag
[info   ] shader: Compiling shader : utils/SpecularIBL.frag
[info   ] shader: Compiling shader : degraded_ibl.frag
[info   ] shader: Compiling shader : screenquad.vert
[info   ] shader: Compiling shader : utils/decodeNormal.frag
[info   ] shader: Compiling shader : utils/SpecularBRDF.frag
[info   ] shader: Compiling shader : utils/DiffuseBRDF.frag
[info   ] shader: Compiling shader : utils/getPosFromUVDepth.frag
[info   ] shader: Compiling shader : utils/SunMRP.frag
[info   ] shader: Compiling shader : sunlight.frag
[info   ] shader: Compiling shader : pointlight.vert
[info   ] shader: Compiling shader : utils/decodeNormal.frag
[info   ] shader: Compiling shader : utils/SpecularBRDF.frag
[info   ] shader: Compiling shader : utils/DiffuseBRDF.frag
[info   ] shader: Compiling shader : utils/getPosFromUVDepth.frag
[info   ] shader: Compiling shader : pointlight.frag
[info   ] shader: Compiling shader : object_pass.vert
[info   ] shader: Compiling shader : utils/getLightFactor.frag
[info   ] shader: Compiling shader : object_pass2.frag
[info   ] shader: Compiling shader : object_pass.vert
[info   ] shader: Compiling shader : utils/getLightFactor.frag
[info   ] shader: Compiling shader : objectref_pass2.frag
[info   ] shader: Compiling shader : object_pass.vert
[info   ] shader: Compiling shader : object_unlit.frag
[info   ] shader: Compiling shader : object_pass.vert
[info   ] shader: Compiling shader : utils/getLightFactor.frag
[info   ] shader: Compiling shader : splatting.frag
[info   ] shader: Compiling shader : object_pass.vert
[info   ] shader: Compiling shader : utils/getLightFactor.frag
[info   ] shader: Compiling shader : utils/getPosFromUVDepth.frag
[info   ] shader: Compiling shader : objectpass_spheremap.frag
[info   ] shader: Compiling shader : object_pass.vert
[info   ] shader: Compiling shader : utils/getLightFactor.frag
[info   ] shader: Compiling shader : detailed_object_pass2.frag
[info   ] shader: Compiling shader : grass_pass.vert
[info   ] shader: Compiling shader : utils/getLightFactor.frag
[info   ] shader: Compiling shader : grass_pass2.frag
[info   ] shader: Compiling shader : utils/getworldmatrix.vert
[info   ] shader: Compiling shader : instanced_object_pass.vert
[info   ] shader: Compiling shader : utils/getLightFactor.frag
[info   ] shader: Compiling shader : instanced_object_pass2.frag
[info   ] shader: Compiling shader : utils/getworldmatrix.vert
[info   ] shader: Compiling shader : instanced_object_pass.vert
[info   ] shader: Compiling shader : utils/getLightFactor.frag
[info   ] shader: Compiling shader : instanced_objectref_pass2.frag
[info   ] shader: Compiling shader : utils/getworldmatrix.vert
[info   ] shader: Compiling shader : instanced_object_pass.vert
[info   ] shader: Compiling shader : instanced_object_unlit.frag
[info   ] shader: Compiling shader : utils/getworldmatrix.vert
[info   ] shader: Compiling shader : instanced_object_pass.vert
[info   ] shader: Compiling shader : utils/getLightFactor.frag
[info   ] shader: Compiling shader : utils/getPosFromUVDepth.frag
[info   ] shader: Compiling shader : instanced_objectpass_spheremap.frag
[info   ] shader: Compiling shader : utils/getworldmatrix.vert
[info   ] shader: Compiling shader : instanced_object_pass.vert
[info   ] shader: Compiling shader : utils/getLightFactor.frag
[info   ] shader: Compiling shader : instanced_detailed_object_pass2.frag
[info   ] shader: Compiling shader : utils/getworldmatrix.vert
[info   ] shader: Compiling shader : instanced_grass.vert
[info   ] shader: Compiling shader : utils/getLightFactor.frag
[info   ] shader: Compiling shader : instanced_grass_pass2.frag
[info   ] shader: Compiling shader : object_pass.vert
[info   ] shader: Compiling shader : transparent.frag
[info   ] shader: Compiling shader : screenquad.vert
[info   ] shader: Compiling shader : passthrough.frag
[info   ] shader: Compiling shader : screenquad.vert
[info   ] shader: Compiling shader : utils/getRGBfromCIEXxy.frag
[info   ] shader: Compiling shader : utils/getCIEXYZ.frag
[info   ] shader: Compiling shader : tonemap.frag
[info   ] [FileManager]: Creating directory(ies) '/home/masondanne/.cache/supertuxkart/cached-textures/hd/suzanne/'
[info   ] [FileManager]: Checking for: '/
[info   ] [FileManager]: Checking for: '/home/
[info   ] [FileManager]: Checking for: '/home/masondanne/
[info   ] [FileManager]: Checking for: '/home/masondanne/.cache/
[info   ] [FileManager]: Checking for: '/home/masondanne/.cache/supertuxkart/
[info   ] [FileManager]: Checking for: '/home/masondanne/.cache/supertuxkart/cached-textures/
[info   ] [FileManager]: Checking for: '/home/masondanne/.cache/supertuxkart/cached-textures/hd/
[info   ] [FileManager]: Checking for: '/home/masondanne/.cache/supertuxkart/cached-textures/hd/suzanne/
[info   ] FileManager: Creating directory '/home/masondanne/.cache/supertuxkart/cached-textures/hd/suzanne/'.
[info   ] [FileManager]: Creating directory(ies) '/home/masondanne/.cache/supertuxkart/cached-textures/hd/pidgin/'
[info   ] [FileManager]: Checking for: '/
[info   ] [FileManager]: Checking for: '/home/
[info   ] [FileManager]: Checking for: '/home/masondanne/
[info   ] [FileManager]: Checking for: '/home/masondanne/.cache/
[info   ] [FileManager]: Checking for: '/home/masondanne/.cache/supertuxkart/
[info   ] [FileManager]: Checking for: '/home/masondanne/.cache/supertuxkart/cached-textures/
[info   ] [FileManager]: Checking for: '/home/masondanne/.cache/supertuxkart/cached-textures/hd/
[info   ] [FileManager]: Checking for: '/home/masondanne/.cache/supertuxkart/cached-textures/hd/pidgin/
[info   ] FileManager: Creating directory '/home/masondanne/.cache/supertuxkart/cached-textures/hd/pidgin/'.
[info   ] [FileManager]: Creating directory(ies) '/home/masondanne/.cache/supertuxkart/cached-textures/hd/sara_the_racer/'
[info   ] [FileManager]: Checking for: '/
[info   ] [FileManager]: Checking for: '/home/
[info   ] [FileManager]: Checking for: '/home/masondanne/
[info   ] [FileManager]: Checking for: '/home/masondanne/.cache/
[info   ] [FileManager]: Checking for: '/home/masondanne/.cache/supertuxkart/
[info   ] [FileManager]: Checking for: '/home/masondanne/.cache/supertuxkart/cached-textures/
[info   ] [FileManager]: Checking for: '/home/masondanne/.cache/supertuxkart/cached-textures/hd/
[info   ] [FileManager]: Checking for: '/home/masondanne/.cache/supertuxkart/cached-textures/hd/sara_the_racer/
[info   ] FileManager: Creating directory '/home/masondanne/.cache/supertuxkart/cached-textures/hd/sara_the_racer/'.
[info   ] [FileManager]: Creating directory(ies) '/home/masondanne/.cache/supertuxkart/cached-textures/hd/textures/'
[info   ] [FileManager]: Checking for: '/
[info   ] [FileManager]: Checking for: '/home/
[info   ] [FileManager]: Checking for: '/home/masondanne/
[info   ] [FileManager]: Checking for: '/home/masondanne/.cache/
[info   ] [FileManager]: Checking for: '/home/masondanne/.cache/supertuxkart/
[info   ] [FileManager]: Checking for: '/home/masondanne/.cache/supertuxkart/cached-textures/
[info   ] [FileManager]: Checking for: '/home/masondanne/.cache/supertuxkart/cached-textures/hd/
[info   ] [FileManager]: Checking for: '/home/masondanne/.cache/supertuxkart/cached-textures/hd/textures/
[info   ] FileManager: Creating directory '/home/masondanne/.cache/supertuxkart/cached-textures/hd/textures/'.
[info   ] [FileManager]: Creating directory(ies) '/home/masondanne/.cache/supertuxkart/cached-textures/hd/adiumy/'
[info   ] [FileManager]: Checking for: '/
[info   ] [FileManager]: Checking for: '/home/
[info   ] [FileManager]: Checking for: '/home/masondanne/
[info   ] [FileManager]: Checking for: '/home/masondanne/.cache/
[info   ] [FileManager]: Checking for: '/home/masondanne/.cache/supertuxkart/
[info   ] [FileManager]: Checking for: '/home/masondanne/.cache/supertuxkart/cached-textures/
[info   ] [FileManager]: Checking for: '/home/masondanne/.cache/supertuxkart/cached-textures/hd/
[info   ] [FileManager]: Checking for: '/home/masondanne/.cache/supertuxkart/cached-textures/hd/adiumy/
[info   ] FileManager: Creating directory '/home/masondanne/.cache/supertuxkart/cached-textures/hd/adiumy/'.
[info   ] [FileManager]: Creating directory(ies) '/home/masondanne/.cache/supertuxkart/cached-textures/hd/sara_the_wizard/'
[info   ] [FileManager]: Checking for: '/
[info   ] [FileManager]: Checking for: '/home/
[info   ] [FileManager]: Checking for: '/home/masondanne/
[info   ] [FileManager]: Checking for: '/home/masondanne/.cache/
[info   ] [FileManager]: Checking for: '/home/masondanne/.cache/supertuxkart/
[info   ] [FileManager]: Checking for: '/home/masondanne/.cache/supertuxkart/cached-textures/
[info   ] [FileManager]: Checking for: '/home/masondanne/.cache/supertuxkart/cached-textures/hd/
[info   ] [FileManager]: Checking for: '/home/masondanne/.cache/supertuxkart/cached-textures/hd/sara_the_wizard/
[info   ] FileManager: Creating directory '/home/masondanne/.cache/supertuxkart/cached-textures/hd/sara_the_wizard/'.
[info   ] [FileManager]: Creating directory(ies) '/home/masondanne/.cache/supertuxkart/cached-textures/hd/xue/'
[info   ] [FileManager]: Checking for: '/
[info   ] [FileManager]: Checking for: '/home/
[info   ] [FileManager]: Checking for: '/home/masondanne/
[info   ] [FileManager]: Checking for: '/home/masondanne/.cache/
[info   ] [FileManager]: Checking for: '/home/masondanne/.cache/supertuxkart/
[info   ] [FileManager]: Checking for: '/home/masondanne/.cache/supertuxkart/cached-textures/
[info   ] [FileManager]: Checking for: '/home/masondanne/.cache/supertuxkart/cached-textures/hd/
[info   ] [FileManager]: Checking for: '/home/masondanne/.cache/supertuxkart/cached-textures/hd/xue/
[info   ] FileManager: Creating directory '/home/masondanne/.cache/supertuxkart/cached-textures/hd/xue/'.
[info   ] [FileManager]: Creating directory(ies) '/home/masondanne/.cache/supertuxkart/cached-textures/hd/puffy/'
[info   ] [FileManager]: Checking for: '/
[info   ] [FileManager]: Checking for: '/home/
[info   ] [FileManager]: Checking for: '/home/masondanne/
[info   ] [FileManager]: Checking for: '/home/masondanne/.cache/
[info   ] [FileManager]: Checking for: '/home/masondanne/.cache/supertuxkart/
[info   ] [FileManager]: Checking for: '/home/masondanne/.cache/supertuxkart/cached-textures/
[info   ] [FileManager]: Checking for: '/home/masondanne/.cache/supertuxkart/cached-textures/hd/
[info   ] [FileManager]: Checking for: '/home/masondanne/.cache/supertuxkart/cached-textures/hd/puffy/
[info   ] FileManager: Creating directory '/home/masondanne/.cache/supertuxkart/cached-textures/hd/puffy/'.
[info   ] [FileManager]: Creating directory(ies) '/home/masondanne/.cache/supertuxkart/cached-textures/hd/konqi/'
[info   ] [FileManager]: Checking for: '/
[info   ] [FileManager]: Checking for: '/home/
[info   ] [FileManager]: Checking for: '/home/masondanne/
[info   ] [FileManager]: Checking for: '/home/masondanne/.cache/
[info   ] [FileManager]: Checking for: '/home/masondanne/.cache/supertuxkart/
[info   ] [FileManager]: Checking for: '/home/masondanne/.cache/supertuxkart/cached-textures/
[info   ] [FileManager]: Checking for: '/home/masondanne/.cache/supertuxkart/cached-textures/hd/
[info   ] [FileManager]: Checking for: '/home/masondanne/.cache/supertuxkart/cached-textures/hd/konqi/
[info   ] FileManager: Creating directory '/home/masondanne/.cache/supertuxkart/cached-textures/hd/konqi/'.
[info   ] [FileManager]: Creating directory(ies) '/home/masondanne/.cache/supertuxkart/cached-textures/hd/gavroche/'
[info   ] [FileManager]: Checking for: '/
[info   ] [FileManager]: Checking for: '/home/
[info   ] [FileManager]: Checking for: '/home/masondanne/
[info   ] [FileManager]: Checking for: '/home/masondanne/.cache/
[info   ] [FileManager]: Checking for: '/home/masondanne/.cache/supertuxkart/
[info   ] [FileManager]: Checking for: '/home/masondanne/.cache/supertuxkart/cached-textures/
[info   ] [FileManager]: Checking for: '/home/masondanne/.cache/supertuxkart/cached-textures/hd/
[info   ] [FileManager]: Checking for: '/home/masondanne/.cache/supertuxkart/cached-textures/hd/gavroche/
[info   ] FileManager: Creating directory '/home/masondanne/.cache/supertuxkart/cached-textures/hd/gavroche/'.
[info   ] [FileManager]: Creating directory(ies) '/home/masondanne/.cache/supertuxkart/cached-textures/hd/amanda/'
[info   ] [FileManager]: Checking for: '/
[info   ] [FileManager]: Checking for: '/home/
[info   ] [FileManager]: Checking for: '/home/masondanne/
[info   ] [FileManager]: Checking for: '/home/masondanne/.cache/
[info   ] [FileManager]: Checking for: '/home/masondanne/.cache/supertuxkart/
[info   ] [FileManager]: Checking for: '/home/masondanne/.cache/supertuxkart/cached-textures/
[info   ] [FileManager]: Checking for: '/home/masondanne/.cache/supertuxkart/cached-textures/hd/
[info   ] [FileManager]: Checking for: '/home/masondanne/.cache/supertuxkart/cached-textures/hd/amanda/
[info   ] FileManager: Creating directory '/home/masondanne/.cache/supertuxkart/cached-textures/hd/amanda/'.
[info   ] [FileManager]: Creating directory(ies) '/home/masondanne/.cache/supertuxkart/cached-textures/hd/models/'
[info   ] [FileManager]: Checking for: '/
[info   ] [FileManager]: Checking for: '/home/
[info   ] [FileManager]: Checking for: '/home/masondanne/
[info   ] [FileManager]: Checking for: '/home/masondanne/.cache/
[info   ] [FileManager]: Checking for: '/home/masondanne/.cache/supertuxkart/
[info   ] [FileManager]: Checking for: '/home/masondanne/.cache/supertuxkart/cached-textures/
[info   ] [FileManager]: Checking for: '/home/masondanne/.cache/supertuxkart/cached-textures/hd/
[info   ] [FileManager]: Checking for: '/home/masondanne/.cache/supertuxkart/cached-textures/hd/models/
[info   ] FileManager: Creating directory '/home/masondanne/.cache/supertuxkart/cached-textures/hd/models/'.
[warn   ] KartSelectionScreen: could not find a kart named '?'
[verbose  ] RaceManager: Nb of karts=4, ghost karts:0 ai:3 players:1

[info   ] Singleton: Destroyed singleton.
[info   ] shader: Compiling shader : screenquad.vert
[info   ] shader: Compiling shader : importance_sampling_specular.frag
[info   ] [FileManager]: Creating directory(ies) '/home/masondanne/.cache/supertuxkart/cached-textures/hd/abyss/'
[info   ] [FileManager]: Checking for: '/
[info   ] [FileManager]: Checking for: '/home/
[info   ] [FileManager]: Checking for: '/home/masondanne/
[info   ] [FileManager]: Checking for: '/home/masondanne/.cache/
[info   ] [FileManager]: Checking for: '/home/masondanne/.cache/supertuxkart/
[info   ] [FileManager]: Checking for: '/home/masondanne/.cache/supertuxkart/cached-textures/
[info   ] [FileManager]: Checking for: '/home/masondanne/.cache/supertuxkart/cached-textures/hd/
[info   ] [FileManager]: Checking for: '/home/masondanne/.cache/supertuxkart/cached-textures/hd/abyss/
[info   ] FileManager: Creating directory '/home/masondanne/.cache/supertuxkart/cached-textures/hd/abyss/'.
[info   ] shader: Compiling shader : screenquad.vert
[info   ] shader: Compiling shader : utils/getPosFromUVDepth.frag
[info   ] shader: Compiling shader : fog.frag
[info   ] shader: Compiling shader : sky.vert
[info   ] shader: Compiling shader : sky.frag
[info   ] shader: Compiling shader : pointlight.vert
[info   ] shader: Compiling shader : utils/getPosFromUVDepth.frag
[info   ] shader: Compiling shader : pointlightscatter.frag
[info   ] shader: Compiling shader : gaussian6v.comp
[info   ] shader: Compiling shader : gaussian6h.comp
[info   ] shader: Compiling shader : object_pass.vert
[info   ] shader: Compiling shader : transparentfog.frag
[info   ] shader: Compiling shader : displace.vert
[info   ] shader: Compiling shader : white.frag
[info   ] shader: Compiling shader : displace.vert
[info   ] shader: Compiling shader : displace.frag
[info   ] shader: Compiling shader : pointemitter.vert
[info   ] shader: Compiling shader : particle.vert
[info   ] shader: Compiling shader : utils/getPosFromUVDepth.frag
[info   ] shader: Compiling shader : particle.frag
[info   ] shader: Compiling shader : primitive2dlist.vert
[info   ] shader: Compiling shader : transparent.frag
[info   ] [FileManager]: Creating directory(ies) '/home/masondanne/.cache/supertuxkart/cached-textures/hd/gui/'
[info   ] [FileManager]: Checking for: '/
[info   ] [FileManager]: Checking for: '/home/
[info   ] [FileManager]: Checking for: '/home/masondanne/
[info   ] [FileManager]: Checking for: '/home/masondanne/.cache/
[info   ] [FileManager]: Checking for: '/home/masondanne/.cache/supertuxkart/
[info   ] [FileManager]: Checking for: '/home/masondanne/.cache/supertuxkart/cached-textures/
[info   ] [FileManager]: Checking for: '/home/masondanne/.cache/supertuxkart/cached-textures/hd/
[info   ] [FileManager]: Checking for: '/home/masondanne/.cache/supertuxkart/cached-textures/hd/gui/
[info   ] FileManager: Creating directory '/home/masondanne/.cache/supertuxkart/cached-textures/hd/gui/'.
[info   ] shader: Compiling shader : billboard.vert
[info   ] shader: Compiling shader : billboard.frag
[info   ] This work was NOT networked: This is NOT a network world.
[info   ] Singleton: Destroyed singleton.
[verbose  ] Thread: Start waiting 2018940.093000
[verbose  ] Thread: Stop waiting 2018942.096000
[verbose  ] Thread: Waited for more than 2.000000 seconds for thread to become deleteable
[info   ] Thread: News manager not stopping, exiting anyway.
