VirtualBox GUI VM Selector Window 5.2.0_Solus r118415 linux.amd64 (Nov  8 2017 20:38:49) release log
00:00:00.481778 Log opened 2017-11-15T03:16:52.248775000Z
00:00:00.481779 Build Type: release
00:00:00.481781 OS Product: Linux
00:00:00.481782 OS Release: 4.13.12-32.current
00:00:00.481783 OS Version: #1 SMP Wed Nov 8 19:07:57 UTC 2017
00:00:00.481803 DMI Product Name: K501UW
00:00:00.481810 DMI Product Version: 1.0       
00:00:00.481851 Host RAM: 7849MB (7.6GB) total, 4749MB (4.6GB) available
00:00:00.481855 Executable: /usr/lib64/virtualbox/VirtualBox
00:00:00.481856 Process ID: 8858
00:00:00.481857 Package type: LINUX_64BITS_GENERIC (OSE)
00:00:00.481877 Qt version: 5.9.2
00:00:00.498796 GUI: UIMediumEnumerator: Medium-enumeration started...
00:00:00.498814 GUI: UIMediumEnumerator: Medium-enumeration finished!
00:00:00.499940 GUI: UIMediumEnumerator: Medium-enumeration started...
00:00:00.499954 GUI: UIMediumEnumerator: Medium-enumeration finished!
00:00:00.682615 GUI: UIDesktopWidgetWatchdog::sltHandleHostScreenAvailableGeometryCalculated: Screen 0 work area is actually resized to: 0x34 x 1920x1046
00:00:09.794006 GUI: UIMediumEnumerator: Medium-enumeration started...
00:00:09.794232 GUI: UIMediumEnumerator: Medium-enumeration finished!
00:00:43.442548 GUI: UIMediumEnumerator: Medium with key={7bf0abd5-0727-4270-b1d4-6013f486c6ba} created
00:00:43.606374 GUI: UIMediumEnumerator: Medium-enumeration finished!
00:01:04.849347 ERROR [COM]: aRC=NS_ERROR_UNEXPECTED (0x8000ffff) aIID={7844aa05-b02e-4cdd-a04f-ade4a762e6b7} aComponent={SessionWrap} aText={The session is not locked (session state: Unlocked)}, preserve=false aResultDetail=0
00:01:55.120158 ERROR [COM]: aRC=NS_ERROR_UNEXPECTED (0x8000ffff) aIID={7844aa05-b02e-4cdd-a04f-ade4a762e6b7} aComponent={SessionWrap} aText={The session is not locked (session state: Unlocked)}, preserve=false aResultDetail=0
