VirtualBox XPCOM Server 5.2.0_Solus r118415 linux.amd64 (Nov  8 2017 20:38:49) release log
00:00:00.000243 main     Log opened 2017-11-15T03:16:52.027629000Z
00:00:00.000246 main     Build Type: release
00:00:00.000252 main     OS Product: Linux
00:00:00.000253 main     OS Release: 4.13.12-32.current
00:00:00.000254 main     OS Version: #1 SMP Wed Nov 8 19:07:57 UTC 2017
00:00:00.000278 main     DMI Product Name: K501UW
00:00:00.000282 main     DMI Product Version: 1.0       
00:00:00.000342 main     Host RAM: 7849MB (7.6GB) total, 4754MB (4.6GB) available
00:00:00.000348 main     Executable: /usr/lib64/virtualbox/VBoxSVC
00:00:00.000349 main     Process ID: 8884
00:00:00.000349 main     Package type: LINUX_64BITS_GENERIC (OSE)
00:00:00.002617 main     IPC socket path: /tmp/.vbox-danne-ipc/ipcd
00:00:00.107444 nspr-2   VirtualBox: object creation starts
00:00:00.107585 nspr-2   Home directory: '/home/danne/.config/VirtualBox'
00:00:00.108549 nspr-2   Loading settings file "/home/danne/.config/VirtualBox/VirtualBox.xml" with version "1.12-linux"
00:00:00.120208 nspr-2   NetIfAdpCtlOut: VBoxNetAdpCtl: Error while retrieving link speed for wlp3s0: VBoxNetAdpCtl: ioctl failed: Operation not supported
00:00:00.127984 nspr-2   NAT: resolv.conf: nameserver 10.0.1.1
00:00:00.128038 nspr-2   HostDnsMonitor: old information
00:00:00.128041 nspr-2     no server entries
00:00:00.128045 nspr-2     no domain set
00:00:00.128047 nspr-2     no search string entries
00:00:00.128050 nspr-2   HostDnsMonitor: new information
00:00:00.128053 nspr-2     server 1: 10.0.1.1
00:00:00.128056 nspr-2     no domain set
00:00:00.128058 nspr-2     no search string entries
00:00:00.128066 nspr-2   HostDnsMonitorProxy::notify
00:00:00.132141 nspr-2   Failed to open "/dev/vboxdrvu", errno=2, rc=VERR_VM_DRIVER_NOT_INSTALLED
00:00:00.132385 nspr-2   VD: VDInit finished with VINF_SUCCESS
00:00:00.132463 nspr-2   ERROR [COM]: aRC=NS_ERROR_FAILURE (0x80004005) aIID={0eb668d2-495e-5a36-8890-29999b5f030c} aComponent={SystemPropertiesWrap} aText={Cannot determine default Guest Additions ISO location. Most likely they are not available}, preserve=false aResultDetail=0
00:00:00.139384 nspr-2   ERROR [COM]: aRC=NS_ERROR_FAILURE (0x80004005) aIID={85cd948e-a71f-4289-281e-0ca7ad48cd89} aComponent={MachineWrap} aText={Runtime error opening '/home/masondanne/VirtualBox VMs/Gobolinux testing/Gobolinux testing.vbox' for reading: -102 (File not found.).
00:00:00.139392 nspr-2   /home/build/YPKG/root/virtualbox/build/VirtualBox-5.2.0/src/VBox/Main/src-server/MachineImpl.cpp[737] (nsresult Machine::i_registeredInit())}, preserve=false aResultDetail=0
00:00:00.139708 nspr-2   VirtualBox: object created
00:00:00.313896 nspr-3   ERROR [COM]: aRC=NS_ERROR_FAILURE (0x80004005) aIID={85cd948e-a71f-4289-281e-0ca7ad48cd89} aComponent={MachineWrap} aText={Runtime error opening '/home/masondanne/VirtualBox VMs/Gobolinux testing/Gobolinux testing.vbox' for reading: -102 (File not found.).
00:00:00.313904 nspr-3   /home/build/YPKG/root/virtualbox/build/VirtualBox-5.2.0/src/VBox/Main/src-server/MachineImpl.cpp[737] (nsresult Machine::i_registeredInit())}, preserve=false aResultDetail=0
00:00:00.314373 nspr-3   ERROR [COM]: aRC=NS_ERROR_FAILURE (0x80004005) aIID={85cd948e-a71f-4289-281e-0ca7ad48cd89} aComponent={MachineWrap} aText={Runtime error opening '/home/masondanne/VirtualBox VMs/Gobolinux testing/Gobolinux testing.vbox' for reading: -102 (File not found.).
00:00:00.314377 nspr-3   /home/build/YPKG/root/virtualbox/build/VirtualBox-5.2.0/src/VBox/Main/src-server/MachineImpl.cpp[737] (nsresult Machine::i_registeredInit())}, preserve=false aResultDetail=0
00:00:00.315148 nspr-3   ERROR [COM]: aRC=NS_ERROR_FAILURE (0x80004005) aIID={85cd948e-a71f-4289-281e-0ca7ad48cd89} aComponent={MachineWrap} aText={Runtime error opening '/home/masondanne/VirtualBox VMs/Gobolinux testing/Gobolinux testing.vbox' for reading: -102 (File not found.).
00:00:00.315155 nspr-3   /home/build/YPKG/root/virtualbox/build/VirtualBox-5.2.0/src/VBox/Main/src-server/MachineImpl.cpp[737] (nsresult Machine::i_registeredInit())}, preserve=false aResultDetail=0
00:00:00.322864 nspr-3   ERROR [COM]: aRC=E_ACCESSDENIED (0x80070005) aIID={85cd948e-a71f-4289-281e-0ca7ad48cd89} aComponent={MachineWrap} aText={The object functionality is limited}, preserve=false aResultDetail=0
00:00:00.322907 nspr-3   ERROR [COM]: aRC=VBOX_E_OBJECT_NOT_FOUND (0x80bb0001) aIID={9570b9d5-f1a1-448a-10c5-e12f5285adad} aComponent={VirtualBoxWrap} aText={Could not find a registered machine named 'Gobolinux testing'}, preserve=false aResultDetail=0
00:00:06.638038 nspr-2   ERROR [COM]: aRC=NS_ERROR_FAILURE (0x80004005) aIID={85cd948e-a71f-4289-281e-0ca7ad48cd89} aComponent={MachineWrap} aText={Runtime error opening '/home/masondanne/VirtualBox VMs/Gobolinux testing/Gobolinux testing.vbox' for reading: -102 (File not found.).
00:00:06.638075 nspr-2   /home/build/YPKG/root/virtualbox/build/VirtualBox-5.2.0/src/VBox/Main/src-server/MachineImpl.cpp[737] (nsresult Machine::i_registeredInit())}, preserve=false aResultDetail=0
00:00:07.845995 nspr-3   Saving settings file "/home/danne/.config/VirtualBox/VirtualBox.xml" with version "1.12-linux"
00:00:09.482436 nspr-3   Failed to open "/dev/vboxdrvu", errno=2, rc=VERR_VM_DRIVER_NOT_INSTALLED
00:00:09.484398 nspr-3   Failed to open "/dev/vboxdrvu", errno=2, rc=VERR_VM_DRIVER_NOT_INSTALLED
00:00:43.239568 nspr-2   Saving settings file "/home/masondanne/VirtualBox VMs/Gentoo/Gentoo.vbox" with version "1.16-linux"
00:00:43.247771 nspr-3   WARNING [COM]: aRC=NS_ERROR_FAILURE (0x80004005) aIID={afca788c-4477-787d-60b2-3fa70e56fbbc} aComponent={HostWrap} aText={Could not load the Host USB Proxy service: VERR_NOT_FOUND}, preserve=true  aResultDetail=0
00:00:43.252651 nspr-3   Saving settings file "/home/masondanne/VirtualBox VMs/Gentoo/Gentoo.vbox" with version "1.16-linux"
00:00:43.256873 nspr-3   Saving settings file "/home/danne/.config/VirtualBox/VirtualBox.xml" with version "1.12-linux"
00:00:43.264566 nspr-4   Saving settings file "/home/masondanne/VirtualBox VMs/Gentoo/Gentoo.vbox" with version "1.16-linux"
00:00:43.292451 nspr-4   ERROR [COM]: aRC=NS_ERROR_FAILURE (0x80004005) aIID={85cd948e-a71f-4289-281e-0ca7ad48cd89} aComponent={MachineWrap} aText={This machine does not have any snapshots}, preserve=false aResultDetail=0
00:00:47.234602 Watcher  ERROR [COM]: aRC=NS_ERROR_FAILURE (0x80004005) aIID={85cd948e-a71f-4289-281e-0ca7ad48cd89} aComponent={MachineWrap} aText={The virtual machine 'Gentoo' has terminated unexpectedly during startup with exit code 1 (0x1)}, preserve=false aResultDetail=0
00:01:32.457666 Watcher  ERROR [COM]: aRC=NS_ERROR_FAILURE (0x80004005) aIID={85cd948e-a71f-4289-281e-0ca7ad48cd89} aComponent={MachineWrap} aText={The virtual machine 'Gentoo' has terminated unexpectedly during startup with exit code 1 (0x1)}, preserve=false aResultDetail=0
00:01:56.256994 nspr-2   Saving settings file "/home/danne/.config/VirtualBox/VirtualBox.xml" with version "1.12-linux"
00:01:56.291574 nspr-3   Saving settings file "/home/danne/.config/VirtualBox/VirtualBox.xml" with version "1.12-linux"
00:01:56.315809 nspr-3   Saving settings file "/home/danne/.config/VirtualBox/VirtualBox.xml" with version "1.12-linux"
00:01:56.370370 nspr-4   Saving settings file "/home/danne/.config/VirtualBox/VirtualBox.xml" with version "1.12-linux"
00:01:56.378592 nspr-4   Saving settings file "/home/danne/.config/VirtualBox/VirtualBox.xml" with version "1.12-linux"
00:01:56.384509 nspr-2   Saving settings file "/home/danne/.config/VirtualBox/VirtualBox.xml" with version "1.12-linux"
00:02:01.912851 main     VirtualBox: object deletion starts
00:02:01.912903 main     ERROR [COM]: aRC=VBOX_E_OBJECT_IN_USE (0x80bb000c) aIID={4afe423b-43e0-e9d0-82e8-ceb307940dda} aComponent={MediumWrap} aText={Medium '/home/masondanne/VirtualBox VMs/Gentoo/Gentoo.vdi' cannot be closed because it is still attached to 1 virtual machines}, preserve=false aResultDetail=0
00:02:01.970781 Watcher  ERROR [COM]: aRC=E_ACCESSDENIED (0x80070005) aIID={9570b9d5-f1a1-448a-10c5-e12f5285adad} aComponent={VirtualBoxWrap} aText={The object is not ready}, preserve=false aResultDetail=0
00:02:06.913361 main     {00007f5140011070} HostPowerServiceLinux::~HostPowerServiceLinux: RTThreadWait() for 5000 ms failed with VERR_TIMEOUT
00:02:06.913578 main     VirtualBox: object deleted
